Flow report for mydisp
Tue May 25 23:37:22 2021
Quartus II 64-Bit Version 13.0.1 Build 232 06/12/2013 Service Pack 1 SJ Full Version


---------------------
; Table of Contents ;
---------------------
  1. Legal Notice
  2. Flow Summary
  3. Flow Settings
  4. Flow Non-Default Global Settings
  5. Flow Elapsed Time
  6. Flow OS Summary
  7. Flow Log
  8. Flow Messages
  9. Flow Suppressed Messages



----------------
; Legal Notice ;
----------------
Copyright (C) 1991-2013 Altera Corporation
Your use of Altera Corporation's design tools, logic functions 
and other software and tools, and its AMPP partner logic 
functions, and any output files from any of the foregoing 
(including device programming or simulation files), and any 
associated documentation or information are expressly subject 
to the terms and conditions of the Altera Program License 
Subscription Agreement, Altera MegaCore Function License 
Agreement, or other applicable license agreement, including, 
without limitation, that your use is for the sole purpose of 
programming logic devices manufactured by Altera and sold by 
Altera or its authorized distributors.  Please refer to the 
applicable agreement for further details.



+---------------------------------------------------------------------------------------+
; Flow Summary                                                                          ;
+------------------------------------+--------------------------------------------------+
; Flow Status                        ; Successful - Tue May 25 23:37:22 2021            ;
; Quartus II 64-Bit Version          ; 13.0.1 Build 232 06/12/2013 SP 1 SJ Full Version ;
; Revision Name                      ; mydisp                                           ;
; Top-level Entity Name              ; mydisp                                           ;
; Family                             ; Cyclone II                                       ;
; Device                             ; EP2C8T144C8                                      ;
; Timing Models                      ; Final                                            ;
; Total logic elements               ; 53 / 8,256 ( < 1 % )                             ;
;     Total combinational functions  ; 53 / 8,256 ( < 1 % )                             ;
;     Dedicated logic registers      ; 32 / 8,256 ( < 1 % )                             ;
; Total registers                    ; 32                                               ;
; Total pins                         ; 10 / 85 ( 12 % )                                 ;
; Total virtual pins                 ; 0                                                ;
; Total memory bits                  ; 0 / 165,888 ( 0 % )                              ;
; Embedded Multiplier 9-bit elements ; 0 / 36 ( 0 % )                                   ;
; Total PLLs                         ; 0 / 2 ( 0 % )                                    ;
+------------------------------------+--------------------------------------------------+


+-----------------------------------------+
; Flow Settings                           ;
+-------------------+---------------------+
; Option            ; Setting             ;
+-------------------+---------------------+
; Start date & time ; 05/25/2021 23:33:09 ;
; Main task         ; Compilation         ;
; Revision Name     ; mydisp              ;
+-------------------+---------------------+


+-----------------------------------------------------------------------------------------------------------------------------------+
; Flow Non-Default Global Settings                                                                                                  ;
+------------------------------------------------+-----------------------------------+---------------+-------------+----------------+
; Assignment Name                                ; Value                             ; Default Value ; Entity Name ; Section Id     ;
+------------------------------------------------+-----------------------------------+---------------+-------------+----------------+
; COMPILER_SIGNATURE_ID                          ; 238338870936704.162195678902060   ; --            ; --          ; --             ;
; EDA_OUTPUT_DATA_FORMAT                         ; Verilog Hdl                       ; --            ; --          ; eda_simulation ;
; EDA_SIMULATION_TOOL                            ; ModelSim (Verilog)                ; <None>        ; --          ; --             ;
; EDA_TIME_SCALE                                 ; 1 ps                              ; --            ; --          ; eda_simulation ;
; EDA_USER_COMPILED_SIMULATION_LIBRARY_DIRECTORY ; D:\Work-Ele\FPGA\myone\simulation ; --            ; --          ; eda_simulation ;
; MAX_CORE_JUNCTION_TEMP                         ; 85                                ; --            ; --          ; --             ;
; MIN_CORE_JUNCTION_TEMP                         ; 0                                 ; --            ; --          ; --             ;
; PARTITION_COLOR                                ; 16764057                          ; --            ; --          ; Top            ;
; PARTITION_FITTER_PRESERVATION_LEVEL            ; PLACEMENT_AND_ROUTING             ; --            ; --          ; Top            ;
; PARTITION_NETLIST_TYPE                         ; SOURCE                            ; --            ; --          ; Top            ;
; PROJECT_OUTPUT_DIRECTORY                       ; output_files                      ; --            ; --          ; --             ;
+------------------------------------------------+-----------------------------------+---------------+-------------+----------------+


+-------------------------------------------------------------------------------------------------------------------------------+
; Flow Elapsed Time                                                                                                             ;
+---------------------------+--------------+-------------------------+---------------------+------------------------------------+
; Module Name               ; Elapsed Time ; Average Processors Used ; Peak Virtual Memory ; Total CPU Time (on all processors) ;
+---------------------------+--------------+-------------------------+---------------------+------------------------------------+
; Analysis & Synthesis      ; 00:00:01     ; 1.0                     ; 4581 MB             ; 00:00:01                           ;
; Fitter                    ; 00:00:02     ; 1.0                     ; 5250 MB             ; 00:00:03                           ;
; Assembler                 ; 00:00:00     ; 1.0                     ; 4567 MB             ; 00:00:01                           ;
; TimeQuest Timing Analyzer ; 00:00:01     ; 1.0                     ; 4587 MB             ; 00:00:01                           ;
; EDA Netlist Writer        ; 00:00:00     ; 1.0                     ; 4513 MB             ; 00:00:00                           ;
; EDA Netlist Writer        ; 00:00:00     ; 1.0                     ; 4527 MB             ; 00:00:00                           ;
; EDA Netlist Writer        ; 00:00:00     ; 1.0                     ; 4527 MB             ; 00:00:00                           ;
; EDA Netlist Writer        ; 00:00:00     ; 1.0                     ; 4527 MB             ; 00:00:00                           ;
; EDA Netlist Writer        ; 00:00:00     ; 1.0                     ; 4527 MB             ; 00:00:00                           ;
; EDA Netlist Writer        ; 00:00:00     ; 1.0                     ; 4527 MB             ; 00:00:00                           ;
; EDA Netlist Writer        ; 00:00:00     ; 1.0                     ; 4527 MB             ; 00:00:01                           ;
; Total                     ; 00:00:04     ; --                      ; --                  ; 00:00:07                           ;
+---------------------------+--------------+-------------------------+---------------------+------------------------------------+


+----------------------------------------------------------------------------------------+
; Flow OS Summary                                                                        ;
+---------------------------+------------------+-----------+------------+----------------+
; Module Name               ; Machine Hostname ; OS Name   ; OS Version ; Processor type ;
+---------------------------+------------------+-----------+------------+----------------+
; Analysis & Synthesis      ; DESKTOP-SR2L31T  ; Windows 7 ; 6.2        ; x86_64         ;
; Fitter                    ; DESKTOP-SR2L31T  ; Windows 7 ; 6.2        ; x86_64         ;
; Assembler                 ; DESKTOP-SR2L31T  ; Windows 7 ; 6.2        ; x86_64         ;
; TimeQuest Timing Analyzer ; DESKTOP-SR2L31T  ; Windows 7 ; 6.2        ; x86_64         ;
; EDA Netlist Writer        ; DESKTOP-SR2L31T  ; Windows 7 ; 6.2        ; x86_64         ;
; EDA Netlist Writer        ; DESKTOP-SR2L31T  ; Windows 7 ; 6.2        ; x86_64         ;
; EDA Netlist Writer        ; DESKTOP-SR2L31T  ; Windows 7 ; 6.2        ; x86_64         ;
; EDA Netlist Writer        ; DESKTOP-SR2L31T  ; Windows 7 ; 6.2        ; x86_64         ;
; EDA Netlist Writer        ; DESKTOP-SR2L31T  ; Windows 7 ; 6.2        ; x86_64         ;
; EDA Netlist Writer        ; DESKTOP-SR2L31T  ; Windows 7 ; 6.2        ; x86_64         ;
; EDA Netlist Writer        ; DESKTOP-SR2L31T  ; Windows 7 ; 6.2        ; x86_64         ;
+---------------------------+------------------+-----------+------------+----------------+


------------
; Flow Log ;
------------
quartus_map --read_settings_files=on --write_settings_files=off mydisp -c mydisp
quartus_fit --read_settings_files=off --write_settings_files=off mydisp -c mydisp
quartus_asm --read_settings_files=off --write_settings_files=off mydisp -c mydisp
quartus_sta mydisp -c mydisp
quartus_eda --read_settings_files=off --write_settings_files=off mydisp -c mydisp
quartus_eda --gen_testbench --check_outputs=on --tool=modelsim_oem --format=verilog mydisp -c mydisp --vector_source=D:/Work-Ele/FPGA/myone/output_files/Waveform.vwf --testbench_file=./simulation/qsim/mydisp.vt
quartus_eda --functional=off --timescale=1ps --simulation=on --tool=modelsim_oem --format=verilog mydisp -c mydisp
quartus_eda --gen_testbench --check_outputs=on --tool=modelsim_oem --format=verilog mydisp -c mydisp --vector_source=D:/Work-Ele/FPGA/myone/output_files/Waveform.vwf --testbench_file=./simulation/qsim/mydisp.vt
quartus_eda --functional=off --timescale=1ps --simulation=on --tool=modelsim_oem --format=verilog mydisp -c mydisp
quartus_eda --gen_testbench --check_outputs=on --tool=modelsim_oem --format=verilog mydisp -c mydisp --vector_source=D:/Work-Ele/FPGA/myone/output_files/Waveform.vwf --testbench_file=./simulation/qsim/mydisp.vt
quartus_eda --functional=off --timescale=1ps --simulation=on --tool=modelsim_oem --format=verilog mydisp -c mydisp



